[0627/171608:ERROR:process_info.cc(608)] range at 0x19b8485000000000, size 0x195 fully unreadable
[0627/171608:ERROR:process_info.cc(608)] range at 0x19b848b200000000, size 0x195 fully unreadable
[0627/171608:ERROR:process_info.cc(608)] range at 0x0, size 0x195 fully unreadable
[0627/171608:ERROR:process_reader_win.cc(232)] ReadMemory at 0x7ffc36944d40 of 28 bytes failed: Only part of a ReadProcessMemory or WriteProcessMemory request was completed. (0x12B)
[0627/171608:WARNING:pe_image_reader.cc(134)] could not read data directory from C:\WINDOWS\system32\kernel.appcore.dll
[0627/171608:ERROR:process_reader_win.cc(232)] ReadMemory at 0x7ffc36da0000 of 64 bytes failed: Only part of a ReadProcessMemory or WriteProcessMemory request was completed. (0x12B)
[0627/171608:WARNING:pe_image_reader.cc(280)] could not read dos header from C:\WINDOWS\system32\shcore.dll
[0627/171608:ERROR:process_reader_win.cc(232)] ReadMemory at 0x7ffc36950000 of 64 bytes failed: Only part of a ReadProcessMemory or WriteProcessMemory request was completed. (0x12B)
[0627/171608:WARNING:pe_image_reader.cc(280)] could not read dos header from C:\WINDOWS\system32\powrprof.dll
[0627/171608:ERROR:process_reader_win.cc(232)] ReadMemory at 0x7ffc37050000 of 64 bytes failed: Only part of a ReadProcessMemory or WriteProcessMemory request was completed. (0x12B)
[0627/171608:WARNING:pe_image_reader.cc(280)] could not read dos header from C:\WINDOWS\system32\windows.storage.dll
[0627/171608:ERROR:process_reader_win.cc(232)] ReadMemory at 0x7ffc382a0000 of 64 bytes failed: Only part of a ReadProcessMemory or WriteProcessMemory request was completed. (0x12B)
[0627/171608:WARNING:pe_image_reader.cc(280)] could not read dos header from C:\WINDOWS\system32\SHELL32.dll
[0627/171608:ERROR:process_reader_win.cc(232)] ReadMemory at 0x7ffc39ac0000 of 64 bytes failed: Only part of a ReadProcessMemory or WriteProcessMemory request was completed. (0x12B)
[0627/171608:WARNING:pe_image_reader.cc(280)] could not read dos header from C:\WINDOWS\system32\PSAPI.DLL
[0627/171608:ERROR:process_reader_win.cc(232)] ReadMemory at 0x7ffc36840000 of 64 bytes failed: Only part of a ReadProcessMemory or WriteProcessMemory request was completed. (0x12B)
[0627/171608:WARNING:pe_image_reader.cc(280)] could not read dos header from C:\WINDOWS\SYSTEM32\bcrypt.dll
[0627/171608:ERROR:process_reader_win.cc(232)] ReadMemory at 0x7ffc32270000 of 64 bytes failed: Only part of a ReadProcessMemory or WriteProcessMemory request was completed. (0x12B)
[0627/171608:WARNING:pe_image_reader.cc(280)] could not read dos header from C:\WINDOWS\SYSTEM32\WINSPOOL.DRV
[0627/171608:ERROR:process_reader_win.cc(232)] ReadMemory at 0x7ffc32f70000 of 64 bytes failed: Only part of a ReadProcessMemory or WriteProcessMemory request was completed. (0x12B)
[0627/171608:WARNING:pe_image_reader.cc(280)] could not read dos header from C:\WINDOWS\WinSxS\amd64_microsoft.windows.common-controls_6595b64144ccf1df_6.0.10586.0_none_8c15ae12515e1c22\COMCTL32.dll
[0627/171608:ERROR:process_reader_win.cc(232)] ReadMemory at 0x7ffc36a00000 of 64 bytes failed: Only part of a ReadProcessMemory or WriteProcessMemory request was completed. (0x12B)
[0627/171608:WARNING:pe_image_reader.cc(280)] could not read dos header from C:\WINDOWS\system32\FirewallAPI.dll
[0627/171608:ERROR:process_reader_win.cc(232)] ReadMemory at 0x7ffc355d0000 of 64 bytes failed: Only part of a ReadProcessMemory or WriteProcessMemory request was completed. (0x12B)
[0627/171608:WARNING:pe_image_reader.cc(280)] could not read dos header from C:\WINDOWS\system32\fwbase.dll
[0627/171608:ERROR:process_reader_win.cc(232)] ReadMemory at 0x7ffc37030000 of 64 bytes failed: Only part of a ReadProcessMemory or WriteProcessMemory request was completed. (0x12B)
[0627/171608:WARNING:pe_image_reader.cc(280)] could not read dos header from C:\WINDOWS\system32\NETAPI32.dll
[0627/171608:ERROR:process_reader_win.cc(232)] ReadMemory at 0x7ffc30010000 of 64 bytes failed: Only part of a ReadProcessMemory or WriteProcessMemory request was completed. (0x12B)
[0627/171608:WARNING:pe_image_reader.cc(280)] could not read dos header from C:\WINDOWS\SYSTEM32\DAVHLPR.DLL
[0627/171608:ERROR:process_reader_win.cc(232)] ReadMemory at 0x7ffc37840000 of 64 bytes failed: Only part of a ReadProcessMemory or WriteProcessMemory request was completed. (0x12B)
[0627/171608:WARNING:pe_image_reader.cc(280)] could not read dos header from C:\WINDOWS\system32\COMDLG32.dll
[0627/171608:ERROR:process_reader_win.cc(232)] ReadMemory at 0x7ffc376f0000 of 64 bytes failed: Only part of a ReadProcessMemory or WriteProcessMemory request was completed. (0x12B)
[0627/171608:WARNING:pe_image_reader.cc(280)] could not read dos header from C:\WINDOWS\system32\ole32.dll
[0627/171608:ERROR:process_reader_win.cc(232)] ReadMemory at 0x7ffc3a120000 of 64 bytes failed: Only part of a ReadProcessMemory or WriteProcessMemory request was completed. (0x12B)
[0627/171608:WARNING:pe_image_reader.cc(280)] could not read dos header from C:\WINDOWS\system32\OLEAUT32.dll
[0627/171608:ERROR:process_reader_win.cc(232)] ReadMemory at 0x7ffc32a50000 of 64 bytes failed: Only part of a ReadProcessMemory or WriteProcessMemory request was completed. (0x12B)
[0627/171608:WARNING:pe_image_reader.cc(280)] could not read dos header from C:\WINDOWS\SYSTEM32\IPHLPAPI.DLL
[0627/171608:ERROR:process_reader_win.cc(232)] ReadMemory at 0x7ffc39d50000 of 64 bytes failed: Only part of a ReadProcessMemory or WriteProcessMemory request was completed. (0x12B)
[0627/171608:WARNING:pe_image_reader.cc(280)] could not read dos header from C:\WINDOWS\system32\WS2_32.dll
[0627/171608:ERROR:process_reader_win.cc(232)] ReadMemory at 0x7ffc2e280000 of 64 bytes failed: Only part of a ReadProcessMemory or WriteProcessMemory request was completed. (0x12B)
[0627/171608:WARNING:pe_image_reader.cc(280)] could not read dos header from C:\WINDOWS\SYSTEM32\USP10.dll
[0627/171608:ERROR:process_reader_win.cc(232)] ReadMemory at 0x7ffc36930000 of 64 bytes failed: Only part of a ReadProcessMemory or WriteProcessMemory request was completed. (0x12B)
[0627/171608:WARNING:pe_image_reader.cc(280)] could not read dos header from C:\WINDOWS\system32\MSASN1.dll
[0627/171608:ERROR:process_reader_win.cc(232)] ReadMemory at 0x7ffc36e60000 of 64 bytes failed: Only part of a ReadProcessMemory or WriteProcessMemory request was completed. (0x12B)
[0627/171608:WARNING:pe_image_reader.cc(280)] could not read dos header from C:\WINDOWS\system32\CRYPT32.dll
[0627/171608:ERROR:process_reader_win.cc(232)] ReadMemory at 0x7ffc369a0000 of 64 bytes failed: Only part of a ReadProcessMemory or WriteProcessMemory request was completed. (0x12B)
[0627/171608:WARNING:pe_image_reader.cc(280)] could not read dos header from C:\WINDOWS\system32\WINTRUST.dll
[0627/171608:ERROR:process_reader_win.cc(232)] ReadMemory at 0x7ffc32970000 of 64 bytes failed: Only part of a ReadProcessMemory or WriteProcessMemory request was completed. (0x12B)
[0627/171608:WARNING:pe_image_reader.cc(280)] could not read dos header from C:\WINDOWS\SYSTEM32\Secur32.dll
[0627/171608:ERROR:process_reader_win.cc(232)] ReadMemory at 0x7ffc36590000 of 64 bytes failed: Only part of a ReadProcessMemory or WriteProcessMemory request was completed. (0x12B)
[0627/171608:WARNING:pe_image_reader.cc(280)] could not read dos header from C:\WINDOWS\SYSTEM32\SSPICLI.DLL
[0627/171608:ERROR:process_reader_win.cc(232)] ReadMemory at 0x7ffc0dff0000 of 64 bytes failed: Only part of a ReadProcessMemory or WriteProcessMemory request was completed. (0x12B)
[0627/171608:WARNING:pe_image_reader.cc(280)] could not read dos header from C:\Program Files (x86)\Google\Chrome\Application\51.0.2704.103\chrome_child.dll
[0627/171608:ERROR:process_reader_win.cc(232)] ReadMemory at 0x7ffc2c4f0000 of 64 bytes failed: Only part of a ReadProcessMemory or WriteProcessMemory request was completed. (0x12B)
[0627/171608:WARNING:pe_image_reader.cc(280)] could not read dos header from C:\WINDOWS\SYSTEM32\dwrite.dll
[0627/171608:ERROR:process_reader_win.cc(232)] ReadMemory at 0x7ffc3a435340 of 6656 bytes failed: Only part of a ReadProcessMemory or WriteProcessMemory request was completed. (0x12B)
[0627/171608:ERROR:process_reader_win.cc(232)] ReadMemory at 0x7ff733740000 of 64 bytes failed: Only part of a ReadProcessMemory or WriteProcessMemory request was completed. (0x12B)
[0627/171608:WARNING:pe_image_reader.cc(280)] could not read dos header from C:\Program Files (x86)\Google\Chrome\Application\chrome.exe
[0627/171608:ERROR:process_reader_win.cc(232)] ReadMemory at 0x7ffc3a2f0000 of 64 bytes failed: Only part of a ReadProcessMemory or WriteProcessMemory request was completed. (0x12B)
[0627/171608:WARNING:pe_image_reader.cc(280)] could not read dos header from C:\WINDOWS\SYSTEM32\ntdll.dll
[0627/171608:ERROR:process_reader_win.cc(232)] ReadMemory at 0x7ffc23340000 of 64 bytes failed: Only part of a ReadProcessMemory or WriteProcessMemory request was completed. (0x12B)
[0627/171608:WARNING:pe_image_reader.cc(280)] could not read dos header from C:\Program Files (x86)\AVG\Av\avghooka.dll
[0627/171608:ERROR:process_reader_win.cc(232)] ReadMemory at 0x7ffc36bb0000 of 64 bytes failed: Only part of a ReadProcessMemory or WriteProcessMemory request was completed. (0x12B)
[0627/171608:WARNING:pe_image_reader.cc(280)] could not read dos header from C:\WINDOWS\system32\KERNELBASE.dll
[0627/171608:ERROR:process_reader_win.cc(232)] ReadMemory at 0x7ffc37950000 of 64 bytes failed: Only part of a ReadProcessMemory or WriteProcessMemory request was completed. (0x12B)
[0627/171608:WARNING:pe_image_reader.cc(280)] could not read dos header from C:\WINDOWS\system32\KERNEL32.DLL
[0627/171608:ERROR:process_reader_win.cc(232)] ReadMemory at 0x7ffc3a1f0000 of 64 bytes failed: Only part of a ReadProcessMemory or WriteProcessMemory request was completed. (0x12B)
[0627/171608:WARNING:pe_image_reader.cc(280)] could not read dos header from C:\WINDOWS\system32\msvcrt.dll
[0627/171608:ERROR:process_reader_win.cc(232)] ReadMemory at 0x7ffc39840000 of 64 bytes failed: Only part of a ReadProcessMemory or WriteProcessMemory request was completed. (0x12B)
[0627/171608:WARNING:pe_image_reader.cc(280)] could not read dos header from C:\WINDOWS\system32\RPCRT4.dll
[0627/171608:ERROR:process_reader_win.cc(232)] ReadMemory at 0x7ffc39de0000 of 64 bytes failed: Only part of a ReadProcessMemory or WriteProcessMemory request was completed. (0x12B)
[0627/171608:WARNING:pe_image_reader.cc(280)] could not read dos header from C:\WINDOWS\system32\sechost.dll
[0627/171608:ERROR:process_reader_win.cc(232)] ReadMemory at 0x7ffc39eb0000 of 64 bytes failed: Only part of a ReadProcessMemory or WriteProcessMemory request was completed. (0x12B)
[0627/171608:WARNING:pe_image_reader.cc(280)] could not read dos header from C:\WINDOWS\system32\ADVAPI32.dll
[0627/171608:ERROR:process_reader_win.cc(232)] ReadMemory at 0x7ffc36a90000 of 64 bytes failed: Only part of a ReadProcessMemory or WriteProcessMemory request was completed. (0x12B)
[0627/171608:WARNING:pe_image_reader.cc(280)] could not read dos header from C:\WINDOWS\system32\bcryptPrimitives.dll
[0627/171608:ERROR:process_reader_win.cc(232)] ReadMemory at 0x7ffc363b0000 of 64 bytes failed: Only part of a ReadProcessMemory or WriteProcessMemory request was completed. (0x12B)
[0627/171608:WARNING:pe_image_reader.cc(280)] could not read dos header from C:\WINDOWS\SYSTEM32\CRYPTBASE.DLL
[0627/171608:ERROR:process_reader_win.cc(232)] ReadMemory at 0x7ffc2cde0000 of 64 bytes failed: Only part of a ReadProcessMemory or WriteProcessMemory request was completed. (0x12B)
[0627/171608:WARNING:pe_image_reader.cc(280)] could not read dos header from C:\Program Files (x86)\Google\Chrome\Application\51.0.2704.103\chrome_elf.dll
[0627/171608:ERROR:process_reader_win.cc(232)] ReadMemory at 0x7ffc323a0000 of 64 bytes failed: Only part of a ReadProcessMemory or WriteProcessMemory request was completed. (0x12B)
[0627/171608:WARNING:pe_image_reader.cc(280)] could not read dos header from C:\WINDOWS\SYSTEM32\VERSION.dll
[0627/171608:ERROR:process_reader_win.cc(232)] ReadMemory at 0x7ffc376a0000 of 64 bytes failed: Only part of a ReadProcessMemory or WriteProcessMemory request was completed. (0x12B)
[0627/171608:WARNING:pe_image_reader.cc(280)] could not read dos header from C:\WINDOWS\system32\cfgmgr32.dll
[0627/171608:ERROR:process_reader_win.cc(232)] ReadMemory at 0x7ffc34fe0000 of 64 bytes failed: Only part of a ReadProcessMemory or WriteProcessMemory request was completed. (0x12B)
[0627/171608:WARNING:pe_image_reader.cc(280)] could not read dos header from C:\WINDOWS\SYSTEM32\WINMMBASE.dll
[0627/171608:ERROR:process_reader_win.cc(232)] ReadMemory at 0x7ffc37fb0000 of 64 bytes failed: Only part of a ReadProcessMemory or WriteProcessMemory request was completed. (0x12B)
[0627/171608:WARNING:pe_image_reader.cc(280)] could not read dos header from C:\WINDOWS\system32\GDI32.dll
[0627/171608:ERROR:process_reader_win.cc(232)] ReadMemory at 0x7ffc39960000 of 64 bytes failed: Only part of a ReadProcessMemory or WriteProcessMemory request was completed. (0x12B)
[0627/171608:WARNING:pe_image_reader.cc(280)] could not read dos header from C:\WINDOWS\system32\USER32.dll
[0627/171608:ERROR:process_reader_win.cc(232)] ReadMemory at 0x7ffc39800000 of 64 bytes failed: Only part of a ReadProcessMemory or WriteProcessMemory request was completed. (0x12B)
[0627/171608:WARNING:pe_image_reader.cc(280)] could not read dos header from C:\WINDOWS\system32\IMM32.DLL
[0627/171608:ERROR:process_reader_win.cc(232)] ReadMemory at 0x7ffc35040000 of 64 bytes failed: Only part of a ReadProcessMemory or WriteProcessMemory request was completed. (0x12B)
[0627/171608:WARNING:pe_image_reader.cc(280)] could not read dos header from C:\WINDOWS\SYSTEM32\WINMM.dll
[0627/171608:ERROR:process_reader_win.cc(232)] ReadMemory at 0x7ffc36910000 of 64 bytes failed: Only part of a ReadProcessMemory or WriteProcessMemory request was completed. (0x12B)
[0627/171608:WARNING:pe_image_reader.cc(280)] could not read dos header from C:\WINDOWS\system32\profapi.dll
[0627/171608:ERROR:process_reader_win.cc(232)] ReadMemory at 0x7ffc36070000 of 64 bytes failed: Only part of a ReadProcessMemory or WriteProcessMemory request was completed. (0x12B)
[0627/171608:WARNING:pe_image_reader.cc(280)] could not read dos header from C:\WINDOWS\SYSTEM32\USERENV.dll
[0627/171608:ERROR:process_reader_win.cc(232)] ReadMemory at 0x7ffc34610000 of 64 bytes failed: Only part of a ReadProcessMemory or WriteProcessMemory request was completed. (0x12B)
[0627/171608:WARNING:pe_image_reader.cc(280)] could not read dos header from C:\WINDOWS\SYSTEM32\WTSAPI32.dll
[0627/171608:ERROR:process_reader_win.cc(232)] ReadMemory at 0x7ffc32980000 of 64 bytes failed: Only part of a ReadProcessMemory or WriteProcessMemory request was completed. (0x12B)
[0627/171608:WARNING:pe_image_reader.cc(280)] could not read dos header from C:\WINDOWS\SYSTEM32\WINHTTP.dll
[0627/171608:ERROR:process_reader_win.cc(232)] ReadMemory at 0x7ffc39ad0000 of 64 bytes failed: Only part of a ReadProcessMemory or WriteProcessMemory request was completed. (0x12B)
[0627/171608:WARNING:pe_image_reader.cc(280)] could not read dos header from C:\WINDOWS\system32\combase.dll
[0627/171608:ERROR:process_reader_win.cc(232)] ReadMemory at 0x7ffc3a290000 of 64 bytes failed: Only part of a ReadProcessMemory or WriteProcessMemory request was completed. (0x12B)
[0627/171608:WARNING:pe_image_reader.cc(280)] could not read dos header from C:\WINDOWS\system32\shlwapi.dll
[0627/171608:ERROR:process_reader_win.cc(232)] ReadMemory at 0x7ffc36940000 of 64 bytes failed: Only part of a ReadProcessMemory or WriteProcessMemory request was completed. (0x12B)
[0627/171608:WARNING:pe_image_reader.cc(280)] could not read dos header from C:\WINDOWS\system32\kernel.appcore.dll
[0627/171608:ERROR:process_reader_win.cc(232)] ReadMemory at 0x7ffc36da0000 of 64 bytes failed: Only part of a ReadProcessMemory or WriteProcessMemory request was completed. (0x12B)
[0627/171608:WARNING:pe_image_reader.cc(280)] could not read dos header from C:\WINDOWS\system32\shcore.dll
[0627/171608:ERROR:process_reader_win.cc(232)] ReadMemory at 0x7ffc36950000 of 64 bytes failed: Only part of a ReadProcessMemory or WriteProcessMemory request was completed. (0x12B)
[0627/171608:WARNING:pe_image_reader.cc(280)] could not read dos header from C:\WINDOWS\system32\powrprof.dll
[0627/171608:ERROR:process_reader_win.cc(232)] ReadMemory at 0x7ffc37050000 of 64 bytes failed: Only part of a ReadProcessMemory or WriteProcessMemory request was completed. (0x12B)
[0627/171608:WARNING:pe_image_reader.cc(280)] could not read dos header from C:\WINDOWS\system32\windows.storage.dll
[0627/171608:ERROR:process_reader_win.cc(232)] ReadMemory at 0x7ffc382a0000 of 64 bytes failed: Only part of a ReadProcessMemory or WriteProcessMemory request was completed. (0x12B)
[0627/171608:WARNING:pe_image_reader.cc(280)] could not read dos header from C:\WINDOWS\system32\SHELL32.dll
[0627/171608:ERROR:process_reader_win.cc(232)] ReadMemory at 0x7ffc39ac0000 of 64 bytes failed: Only part of a ReadProcessMemory or WriteProcessMemory request was completed. (0x12B)
[0627/171608:WARNING:pe_image_reader.cc(280)] could not read dos header from C:\WINDOWS\system32\PSAPI.DLL
[0627/171608:ERROR:process_reader_win.cc(232)] ReadMemory at 0x7ffc36840000 of 64 bytes failed: Only part of a ReadProcessMemory or WriteProcessMemory request was completed. (0x12B)
[0627/171608:WARNING:pe_image_reader.cc(280)] could not read dos header from C:\WINDOWS\SYSTEM32\bcrypt.dll
[0627/171608:ERROR:process_reader_win.cc(232)] ReadMemory at 0x7ffc32270000 of 64 bytes failed: Only part of a ReadProcessMemory or WriteProcessMemory request was completed. (0x12B)
[0627/171608:WARNING:pe_image_reader.cc(280)] could not read dos header from C:\WINDOWS\SYSTEM32\WINSPOOL.DRV
[0627/171608:ERROR:process_reader_win.cc(232)] ReadMemory at 0x7ffc32f70000 of 64 bytes failed: Only part of a ReadProcessMemory or WriteProcessMemory request was completed. (0x12B)
[0627/171608:WARNING:pe_image_reader.cc(280)] could not read dos header from C:\WINDOWS\WinSxS\amd64_microsoft.windows.common-controls_6595b64144ccf1df_6.0.10586.0_none_8c15ae12515e1c22\COMCTL32.dll
[0627/171608:ERROR:process_reader_win.cc(232)] ReadMemory at 0x7ffc36a00000 of 64 bytes failed: Only part of a ReadProcessMemory or WriteProcessMemory request was completed. (0x12B)
[0627/171608:WARNING:pe_image_reader.cc(280)] could not read dos header from C:\WINDOWS\system32\FirewallAPI.dll
[0627/171608:ERROR:process_reader_win.cc(232)] ReadMemory at 0x7ffc355d0000 of 64 bytes failed: Only part of a ReadProcessMemory or WriteProcessMemory request was completed. (0x12B)
[0627/171608:WARNING:pe_image_reader.cc(280)] could not read dos header from C:\WINDOWS\system32\fwbase.dll
[0627/171608:ERROR:process_reader_win.cc(232)] ReadMemory at 0x7ffc37030000 of 64 bytes failed: Only part of a ReadProcessMemory or WriteProcessMemory request was completed. (0x12B)
[0627/171608:WARNING:pe_image_reader.cc(280)] could not read dos header from C:\WINDOWS\system32\NETAPI32.dll
[0627/171608:ERROR:process_reader_win.cc(232)] ReadMemory at 0x7ffc30010000 of 64 bytes failed: Only part of a ReadProcessMemory or WriteProcessMemory request was completed. (0x12B)
[0627/171608:WARNING:pe_image_reader.cc(280)] could not read dos header from C:\WINDOWS\SYSTEM32\DAVHLPR.DLL
[0627/171608:ERROR:process_reader_win.cc(232)] ReadMemory at 0x7ffc37840000 of 64 bytes failed: Only part of a ReadProcessMemory or WriteProcessMemory request was completed. (0x12B)
[0627/171608:WARNING:pe_image_reader.cc(280)] could not read dos header from C:\WINDOWS\system32\COMDLG32.dll
[0627/171608:ERROR:process_reader_win.cc(232)] ReadMemory at 0x7ffc376f0000 of 64 bytes failed: Only part of a ReadProcessMemory or WriteProcessMemory request was completed. (0x12B)
[0627/171608:WARNING:pe_image_reader.cc(280)] could not read dos header from C:\WINDOWS\system32\ole32.dll
[0627/171608:ERROR:process_reader_win.cc(232)] ReadMemory at 0x7ffc3a120000 of 64 bytes failed: Only part of a ReadProcessMemory or WriteProcessMemory request was completed. (0x12B)
[0627/171608:WARNING:pe_image_reader.cc(280)] could not read dos header from C:\WINDOWS\system32\OLEAUT32.dll
[0627/171608:ERROR:process_reader_win.cc(232)] ReadMemory at 0x7ffc32a50000 of 64 bytes failed: Only part of a ReadProcessMemory or WriteProcessMemory request was completed. (0x12B)
[0627/171608:WARNING:pe_image_reader.cc(280)] could not read dos header from C:\WINDOWS\SYSTEM32\IPHLPAPI.DLL
[0627/171608:ERROR:process_reader_win.cc(232)] ReadMemory at 0x7ffc39d50000 of 64 bytes failed: Only part of a ReadProcessMemory or WriteProcessMemory request was completed. (0x12B)
[0627/171608:WARNING:pe_image_reader.cc(280)] could not read dos header from C:\WINDOWS\system32\WS2_32.dll
[0627/171608:ERROR:process_reader_win.cc(232)] ReadMemory at 0x7ffc2e280000 of 64 bytes failed: Only part of a ReadProcessMemory or WriteProcessMemory request was completed. (0x12B)
[0627/171608:WARNING:pe_image_reader.cc(280)] could not read dos header from C:\WINDOWS\SYSTEM32\USP10.dll
[0627/171608:ERROR:process_reader_win.cc(232)] ReadMemory at 0x7ffc36930000 of 64 bytes failed: Only part of a ReadProcessMemory or WriteProcessMemory request was completed. (0x12B)
[0627/171608:WARNING:pe_image_reader.cc(280)] could not read dos header from C:\WINDOWS\system32\MSASN1.dll
[0627/171608:ERROR:process_reader_win.cc(232)] ReadMemory at 0x7ffc36e60000 of 64 bytes failed: Only part of a ReadProcessMemory or WriteProcessMemory request was completed. (0x12B)
[0627/171608:WARNING:pe_image_reader.cc(280)] could not read dos header from C:\WINDOWS\system32\CRYPT32.dll
[0627/171608:ERROR:process_reader_win.cc(232)] ReadMemory at 0x7ffc369a0000 of 64 bytes failed: Only part of a ReadProcessMemory or WriteProcessMemory request was completed. (0x12B)
[0627/171608:WARNING:pe_image_reader.cc(280)] could not read dos header from C:\WINDOWS\system32\WINTRUST.dll
[0627/171608:ERROR:process_reader_win.cc(232)] ReadMemory at 0x7ffc32970000 of 64 bytes failed: Only part of a ReadProcessMemory or WriteProcessMemory request was completed. (0x12B)
[0627/171608:WARNING:pe_image_reader.cc(280)] could not read dos header from C:\WINDOWS\SYSTEM32\Secur32.dll
[0627/171608:ERROR:process_reader_win.cc(232)] ReadMemory at 0x7ffc36590000 of 64 bytes failed: Only part of a ReadProcessMemory or WriteProcessMemory request was completed. (0x12B)
[0627/171608:WARNING:pe_image_reader.cc(280)] could not read dos header from C:\WINDOWS\SYSTEM32\SSPICLI.DLL
[0627/171608:ERROR:process_reader_win.cc(232)] ReadMemory at 0x7ffc0dff0000 of 64 bytes failed: Only part of a ReadProcessMemory or WriteProcessMemory request was completed. (0x12B)
[0627/171608:WARNING:pe_image_reader.cc(280)] could not read dos header from C:\Program Files (x86)\Google\Chrome\Application\51.0.2704.103\chrome_child.dll
[0627/171608:ERROR:process_reader_win.cc(232)] ReadMemory at 0x7ffc2c4f0000 of 64 bytes failed: Only part of a ReadProcessMemory or WriteProcessMemory request was completed. (0x12B)
[0627/171608:WARNING:pe_image_reader.cc(280)] could not read dos header from C:\WINDOWS\SYSTEM32\dwrite.dll
[0627/171608:ERROR:process_reader_win.cc(98)] process 7460 not found
[0627/171608:ERROR:process_reader_win.cc(232)] ReadMemory at 0x7ff733740000 of 64 bytes failed: Only part of a ReadProcessMemory or WriteProcessMemory request was completed. (0x12B)
[0627/171608:WARNING:pe_image_reader.cc(280)] could not read dos header from C:\Program Files (x86)\Google\Chrome\Application\chrome.exe
[0627/171608:ERROR:process_reader_win.cc(232)] ReadMemory at 0x7ffc3a2f0000 of 64 bytes failed: Only part of a ReadProcessMemory or WriteProcessMemory request was completed. (0x12B)
[0627/171608:WARNING:pe_image_reader.cc(280)] could not read dos header from C:\WINDOWS\SYSTEM32\ntdll.dll
[0627/171608:ERROR:process_reader_win.cc(232)] ReadMemory at 0x7ffc23340000 of 64 bytes failed: Only part of a ReadProcessMemory or WriteProcessMemory request was completed. (0x12B)
[0627/171608:WARNING:pe_image_reader.cc(280)] could not read dos header from C:\Program Files (x86)\AVG\Av\avghooka.dll
[0627/171608:ERROR:process_reader_win.cc(232)] ReadMemory at 0x7ffc36bb0000 of 64 bytes failed: Only part of a ReadProcessMemory or WriteProcessMemory request was completed. (0x12B)
[0627/171608:WARNING:pe_image_reader.cc(280)] could not read dos header from C:\WINDOWS\system32\KERNELBASE.dll
[0627/171608:ERROR:process_reader_win.cc(232)] ReadMemory at 0x7ffc37950000 of 64 bytes failed: Only part of a ReadProcessMemory or WriteProcessMemory request was completed. (0x12B)
[0627/171608:WARNING:pe_image_reader.cc(280)] could not read dos header from C:\WINDOWS\system32\KERNEL32.DLL
[0627/171608:ERROR:process_reader_win.cc(232)] ReadMemory at 0x7ffc3a1f0000 of 64 bytes failed: Only part of a ReadProcessMemory or WriteProcessMemory request was completed. (0x12B)
[0627/171608:WARNING:pe_image_reader.cc(280)] could not read dos header from C:\WINDOWS\system32\msvcrt.dll
[0627/171608:ERROR:process_reader_win.cc(232)] ReadMemory at 0x7ffc39840000 of 64 bytes failed: Only part of a ReadProcessMemory or WriteProcessMemory request was completed. (0x12B)
[0627/171608:WARNING:pe_image_reader.cc(280)] could not read dos header from C:\WINDOWS\system32\RPCRT4.dll
[0627/171608:ERROR:process_reader_win.cc(232)] ReadMemory at 0x7ffc39de0000 of 64 bytes failed: Only part of a ReadProcessMemory or WriteProcessMemory request was completed. (0x12B)
[0627/171608:WARNING:pe_image_reader.cc(280)] could not read dos header from C:\WINDOWS\system32\sechost.dll
[0627/171608:ERROR:process_reader_win.cc(232)] ReadMemory at 0x7ffc39eb0000 of 64 bytes failed: Only part of a ReadProcessMemory or WriteProcessMemory request was completed. (0x12B)
[0627/171608:WARNING:pe_image_reader.cc(280)] could not read dos header from C:\WINDOWS\system32\ADVAPI32.dll
[0627/171608:ERROR:process_reader_win.cc(232)] ReadMemory at 0x7ffc36a90000 of 64 bytes failed: Only part of a ReadProcessMemory or WriteProcessMemory request was completed. (0x12B)
[0627/171608:WARNING:pe_image_reader.cc(280)] could not read dos header from C:\WINDOWS\system32\bcryptPrimitives.dll
[0627/171608:ERROR:process_reader_win.cc(232)] ReadMemory at 0x7ffc363b0000 of 64 bytes failed: Only part of a ReadProcessMemory or WriteProcessMemory request was completed. (0x12B)
[0627/171608:WARNING:pe_image_reader.cc(280)] could not read dos header from C:\WINDOWS\SYSTEM32\CRYPTBASE.DLL
[0627/171608:ERROR:process_reader_win.cc(232)] ReadMemory at 0x7ffc2cde0000 of 64 bytes failed: Only part of a ReadProcessMemory or WriteProcessMemory request was completed. (0x12B)
[0627/171608:WARNING:pe_image_reader.cc(280)] could not read dos header from C:\Program Files (x86)\Google\Chrome\Application\51.0.2704.103\chrome_elf.dll
[0627/171608:ERROR:process_reader_win.cc(232)] ReadMemory at 0x7ffc323a0000 of 64 bytes failed: Only part of a ReadProcessMemory or WriteProcessMemory request was completed. (0x12B)
[0627/171608:WARNING:pe_image_reader.cc(280)] could not read dos header from C:\WINDOWS\SYSTEM32\VERSION.dll
[0627/171608:ERROR:process_reader_win.cc(232)] ReadMemory at 0x7ffc376a0000 of 64 bytes failed: Only part of a ReadProcessMemory or WriteProcessMemory request was completed. (0x12B)
[0627/171608:WARNING:pe_image_reader.cc(280)] could not read dos header from C:\WINDOWS\system32\cfgmgr32.dll
[0627/171608:ERROR:process_reader_win.cc(232)] ReadMemory at 0x7ffc34fe0000 of 64 bytes failed: Only part of a ReadProcessMemory or WriteProcessMemory request was completed. (0x12B)
[0627/171608:WARNING:pe_image_reader.cc(280)] could not read dos header from C:\WINDOWS\SYSTEM32\WINMMBASE.dll
[0627/171608:ERROR:process_reader_win.cc(232)] ReadMemory at 0x7ffc37fb0000 of 64 bytes failed: Only part of a ReadProcessMemory or WriteProcessMemory request was completed. (0x12B)
[0627/171608:WARNING:pe_image_reader.cc(280)] could not read dos header from C:\WINDOWS\system32\GDI32.dll
[0627/171608:ERROR:process_reader_win.cc(232)] ReadMemory at 0x7ffc39960000 of 64 bytes failed: Only part of a ReadProcessMemory or WriteProcessMemory request was completed. (0x12B)
[0627/171608:WARNING:pe_image_reader.cc(280)] could not read dos header from C:\WINDOWS\system32\USER32.dll
[0627/171608:ERROR:process_reader_win.cc(232)] ReadMemory at 0x7ffc39800000 of 64 bytes failed: Only part of a ReadProcessMemory or WriteProcessMemory request was completed. (0x12B)
[0627/171608:WARNING:pe_image_reader.cc(280)] could not read dos header from C:\WINDOWS\system32\IMM32.DLL
[0627/171608:ERROR:process_reader_win.cc(232)] ReadMemory at 0x7ffc35040000 of 64 bytes failed: Only part of a ReadProcessMemory or WriteProcessMemory request was completed. (0x12B)
[0627/171608:WARNING:pe_image_reader.cc(280)] could not read dos header from C:\WINDOWS\SYSTEM32\WINMM.dll
[0627/171608:ERROR:process_reader_win.cc(232)] ReadMemory at 0x7ffc36910000 of 64 bytes failed: Only part of a ReadProcessMemory or WriteProcessMemory request was completed. (0x12B)
[0627/171608:WARNING:pe_image_reader.cc(280)] could not read dos header from C:\WINDOWS\system32\profapi.dll
[0627/171608:ERROR:process_reader_win.cc(232)] ReadMemory at 0x7ffc36070000 of 64 bytes failed: Only part of a ReadProcessMemory or WriteProcessMemory request was completed. (0x12B)
[0627/171608:WARNING:pe_image_reader.cc(280)] could not read dos header from C:\WINDOWS\SYSTEM32\USERENV.dll
[0627/171608:ERROR:process_reader_win.cc(232)] ReadMemory at 0x7ffc34610000 of 64 bytes failed: Only part of a ReadProcessMemory or WriteProcessMemory request was completed. (0x12B)
[0627/171608:WARNING:pe_image_reader.cc(280)] could not read dos header from C:\WINDOWS\SYSTEM32\WTSAPI32.dll
[0627/171608:ERROR:process_reader_win.cc(232)] ReadMemory at 0x7ffc32980000 of 64 bytes failed: Only part of a ReadProcessMemory or WriteProcessMemory request was completed. (0x12B)
[0627/171608:WARNING:pe_image_reader.cc(280)] could not read dos header from C:\WINDOWS\SYSTEM32\WINHTTP.dll
[0627/171608:ERROR:process_reader_win.cc(232)] ReadMemory at 0x7ffc39ad0000 of 64 bytes failed: Only part of a ReadProcessMemory or WriteProcessMemory request was completed. (0x12B)
[0627/171608:WARNING:pe_image_reader.cc(280)] could not read dos header from C:\WINDOWS\system32\combase.dll
[0627/171608:ERROR:process_reader_win.cc(232)] ReadMemory at 0x7ffc3a290000 of 64 bytes failed: Only part of a ReadProcessMemory or WriteProcessMemory request was completed. (0x12B)
[0627/171608:WARNING:pe_image_reader.cc(280)] could not read dos header from C:\WINDOWS\system32\shlwapi.dll
[0627/171608:ERROR:process_reader_win.cc(232)] ReadMemory at 0x7ffc36940000 of 64 bytes failed: Only part of a ReadProcessMemory or WriteProcessMemory request was completed. (0x12B)
[0627/171608:WARNING:pe_image_reader.cc(280)] could not read dos header from C:\WINDOWS\system32\kernel.appcore.dll
[0627/171608:ERROR:process_reader_win.cc(232)] ReadMemory at 0x7ffc36da0000 of 64 bytes failed: Only part of a ReadProcessMemory or WriteProcessMemory request was completed. (0x12B)
[0627/171608:WARNING:pe_image_reader.cc(280)] could not read dos header from C:\WINDOWS\system32\shcore.dll
[0627/171608:ERROR:process_reader_win.cc(232)] ReadMemory at 0x7ffc36950000 of 64 bytes failed: Only part of a ReadProcessMemory or WriteProcessMemory request was completed. (0x12B)
[0627/171608:WARNING:pe_image_reader.cc(280)] could not read dos header from C:\WINDOWS\system32\powrprof.dll
[0627/171608:ERROR:process_reader_win.cc(232)] ReadMemory at 0x7ffc37050000 of 64 bytes failed: Only part of a ReadProcessMemory or WriteProcessMemory request was completed. (0x12B)
[0627/171608:WARNING:pe_image_reader.cc(280)] could not read dos header from C:\WINDOWS\system32\windows.storage.dll
[0627/171608:ERROR:process_reader_win.cc(232)] ReadMemory at 0x7ffc382a0000 of 64 bytes failed: Only part of a ReadProcessMemory or WriteProcessMemory request was completed. (0x12B)
[0627/171608:WARNING:pe_image_reader.cc(280)] could not read dos header from C:\WINDOWS\system32\SHELL32.dll
[0627/171608:ERROR:process_reader_win.cc(232)] ReadMemory at 0x7ffc39ac0000 of 64 bytes failed: Only part of a ReadProcessMemory or WriteProcessMemory request was completed. (0x12B)
[0627/171608:WARNING:pe_image_reader.cc(280)] could not read dos header from C:\WINDOWS\system32\PSAPI.DLL
[0627/171608:ERROR:process_reader_win.cc(232)] ReadMemory at 0x7ffc36840000 of 64 bytes failed: Only part of a ReadProcessMemory or WriteProcessMemory request was completed. (0x12B)
[0627/171608:WARNING:pe_image_reader.cc(280)] could not read dos header from C:\WINDOWS\SYSTEM32\bcrypt.dll
[0627/171608:ERROR:process_reader_win.cc(232)] ReadMemory at 0x7ffc32270000 of 64 bytes failed: Only part of a ReadProcessMemory or WriteProcessMemory request was completed. (0x12B)
[0627/171608:WARNING:pe_image_reader.cc(280)] could not read dos header from C:\WINDOWS\SYSTEM32\WINSPOOL.DRV
[0627/171608:ERROR:process_reader_win.cc(232)] ReadMemory at 0x7ffc32f70000 of 64 bytes failed: Only part of a ReadProcessMemory or WriteProcessMemory request was completed. (0x12B)
[0627/171608:WARNING:pe_image_reader.cc(280)] could not read dos header from C:\WINDOWS\WinSxS\amd64_microsoft.windows.common-controls_6595b64144ccf1df_6.0.10586.0_none_8c15ae12515e1c22\COMCTL32.dll
[0627/171608:ERROR:process_reader_win.cc(232)] ReadMemory at 0x7ffc36a00000 of 64 bytes failed: Only part of a ReadProcessMemory or WriteProcessMemory request was completed. (0x12B)
[0627/171608:WARNING:pe_image_reader.cc(280)] could not read dos header from C:\WINDOWS\system32\FirewallAPI.dll
[0627/171608:ERROR:process_reader_win.cc(232)] ReadMemory at 0x7ffc355d0000 of 64 bytes failed: Only part of a ReadProcessMemory or WriteProcessMemory request was completed. (0x12B)
[0627/171608:WARNING:pe_image_reader.cc(280)] could not read dos header from C:\WINDOWS\system32\fwbase.dll
[0627/171608:ERROR:process_reader_win.cc(232)] ReadMemory at 0x7ffc37030000 of 64 bytes failed: Only part of a ReadProcessMemory or WriteProcessMemory request was completed. (0x12B)
[0627/171608:WARNING:pe_image_reader.cc(280)] could not read dos header from C:\WINDOWS\system32\NETAPI32.dll
[0627/171608:ERROR:process_reader_win.cc(232)] ReadMemory at 0x7ffc30010000 of 64 bytes failed: Only part of a ReadProcessMemory or WriteProcessMemory request was completed. (0x12B)
[0627/171608:WARNING:pe_image_reader.cc(280)] could not read dos header from C:\WINDOWS\SYSTEM32\DAVHLPR.DLL
[0627/171608:ERROR:process_reader_win.cc(232)] ReadMemory at 0x7ffc37840000 of 64 bytes failed: Only part of a ReadProcessMemory or WriteProcessMemory request was completed. (0x12B)
[0627/171608:WARNING:pe_image_reader.cc(280)] could not read dos header from C:\WINDOWS\system32\COMDLG32.dll
[0627/171608:ERROR:process_reader_win.cc(232)] ReadMemory at 0x7ffc376f0000 of 64 bytes failed: Only part of a ReadProcessMemory or WriteProcessMemory request was completed. (0x12B)
[0627/171608:WARNING:pe_image_reader.cc(280)] could not read dos header from C:\WINDOWS\system32\ole32.dll
[0627/171608:ERROR:process_reader_win.cc(232)] ReadMemory at 0x7ffc3a120000 of 64 bytes failed: Only part of a ReadProcessMemory or WriteProcessMemory request was completed. (0x12B)
[0627/171608:WARNING:pe_image_reader.cc(280)] could not read dos header from C:\WINDOWS\system32\OLEAUT32.dll
[0627/171608:ERROR:process_reader_win.cc(232)] ReadMemory at 0x7ffc32a50000 of 64 bytes failed: Only part of a ReadProcessMemory or WriteProcessMemory request was completed. (0x12B)
[0627/171608:WARNING:pe_image_reader.cc(280)] could not read dos header from C:\WINDOWS\SYSTEM32\IPHLPAPI.DLL
[0627/171608:ERROR:process_reader_win.cc(232)] ReadMemory at 0x7ffc39d50000 of 64 bytes failed: Only part of a ReadProcessMemory or WriteProcessMemory request was completed. (0x12B)
[0627/171608:WARNING:pe_image_reader.cc(280)] could not read dos header from C:\WINDOWS\system32\WS2_32.dll
[0627/171608:ERROR:process_reader_win.cc(232)] ReadMemory at 0x7ffc2e280000 of 64 bytes failed: Only part of a ReadProcessMemory or WriteProcessMemory request was completed. (0x12B)
[0627/171608:WARNING:pe_image_reader.cc(280)] could not read dos header from C:\WINDOWS\SYSTEM32\USP10.dll
[0627/171608:ERROR:process_reader_win.cc(232)] ReadMemory at 0x7ffc36930000 of 64 bytes failed: Only part of a ReadProcessMemory or WriteProcessMemory request was completed. (0x12B)
[0627/171608:WARNING:pe_image_reader.cc(280)] could not read dos header from C:\WINDOWS\system32\MSASN1.dll
[0627/171608:ERROR:process_reader_win.cc(232)] ReadMemory at 0x7ffc36e60000 of 64 bytes failed: Only part of a ReadProcessMemory or WriteProcessMemory request was completed. (0x12B)
[0627/171608:WARNING:pe_image_reader.cc(280)] could not read dos header from C:\WINDOWS\system32\CRYPT32.dll
[0627/171608:ERROR:process_reader_win.cc(232)] ReadMemory at 0x7ffc369a0000 of 64 bytes failed: Only part of a ReadProcessMemory or WriteProcessMemory request was completed. (0x12B)
[0627/171608:WARNING:pe_image_reader.cc(280)] could not read dos header from C:\WINDOWS\system32\WINTRUST.dll
[0627/171608:ERROR:process_reader_win.cc(232)] ReadMemory at 0x7ffc32970000 of 64 bytes failed: Only part of a ReadProcessMemory or WriteProcessMemory request was completed. (0x12B)
[0627/171608:WARNING:pe_image_reader.cc(280)] could not read dos header from C:\WINDOWS\SYSTEM32\Secur32.dll
[0627/171608:ERROR:process_reader_win.cc(232)] ReadMemory at 0x7ffc36590000 of 64 bytes failed: Only part of a ReadProcessMemory or WriteProcessMemory request was completed. (0x12B)
[0627/171608:WARNING:pe_image_reader.cc(280)] could not read dos header from C:\WINDOWS\SYSTEM32\SSPICLI.DLL
[0627/171608:ERROR:process_reader_win.cc(232)] ReadMemory at 0x7ffc0dff0000 of 64 bytes failed: Only part of a ReadProcessMemory or WriteProcessMemory request was completed. (0x12B)
[0627/171608:WARNING:pe_image_reader.cc(280)] could not read dos header from C:\Program Files (x86)\Google\Chrome\Application\51.0.2704.103\chrome_child.dll
[0627/171608:ERROR:process_reader_win.cc(232)] ReadMemory at 0x7ffc2c4f0000 of 64 bytes failed: Only part of a ReadProcessMemory or WriteProcessMemory request was completed. (0x12B)
[0627/171608:WARNING:pe_image_reader.cc(280)] could not read dos header from C:\WINDOWS\SYSTEM32\dwrite.dll
[0627/171608:ERROR:process_reader_win.cc(232)] ReadMemory at 0x7ff733821910 of 12 bytes failed: Only part of a ReadProcessMemory or WriteProcessMemory request was completed. (0x12B)
[0627/171608:WARNING:process_snapshot_win.cc(102)] ReadMemory ExceptionInformation failed
[0627/171608:WARNING:crash_report_exception_handler.cc(60)] ProcessSnapshotWin::InitializeException failed
[0627/171608:ERROR:scoped_process_suspend.cc(38)] NtResumeProcess, ntstatus=-1073741558
